In file included from [01m[K/home/subho/catkin_w_s/src/control_scripts/src/scripts/offboard_node.cpp:1[m[K:
[01m[K/home/subho/catkin_w_s/src/control_scripts/include/control_scripts/offboard_node.hpp:15:10:[m[K [01;31m[Kfatal error: [m[KPython.h: No such file or directory
   15 | #include [01;31m[K<Python.h>[m[K
      |          [01;31m[K^~~~~~~~~~[m[K
compilation terminated.
make[2]: *** [CMakeFiles/control_scripts.dir/build.make:76: CMakeFiles/control_scripts.dir/src/scripts/offboard_node.cpp.o] Error 1
make[1]: *** [CMakeFiles/Makefile2:209: CMakeFiles/control_scripts.dir/all] Error 2
make: *** [Makefile:141: all] Error 2
