/home/subho/catkin_w_s/src/control_scripts/scripts/takeoff_node.cpp: In function ‘int main(int, char**)’:
/home/subho/catkin_w_s/src/control_scripts/scripts/takeoff_node.cpp:89:21: error: no matching function for call to ‘Takeoff::takeoff()’
   89 |     takeoff.takeoff();
      |                     ^
/home/subho/catkin_w_s/src/control_scripts/scripts/takeoff_node.cpp:57:6: note: candidate: ‘void Takeoff::takeoff(float)’
   57 | void Takeoff::takeoff(float altitude){
      |      ^~~~~~~
/home/subho/catkin_w_s/src/control_scripts/scripts/takeoff_node.cpp:57:6: note:   candidate expects 1 argument, 0 provided
make[2]: *** [CMakeFiles/takeoff_node.dir/build.make:63: CMakeFiles/takeoff_node.dir/scripts/takeoff_node.cpp.o] Error 1
make[1]: *** [CMakeFiles/Makefile2:431: CMakeFiles/takeoff_node.dir/all] Error 2
make[1]: *** Waiting for unfinished jobs....
/home/subho/catkin_w_s/src/control_scripts/scripts/takeoff_node.cpp: In function ‘int main(int, char**)’:
/home/subho/catkin_w_s/src/control_scripts/scripts/takeoff_node.cpp:89:21: error: no matching function for call to ‘Takeoff::takeoff()’
   89 |     takeoff.takeoff();
      |                     ^
/home/subho/catkin_w_s/src/control_scripts/scripts/takeoff_node.cpp:57:6: note: candidate: ‘void Takeoff::takeoff(float)’
   57 | void Takeoff::takeoff(float altitude){
      |      ^~~~~~~
/home/subho/catkin_w_s/src/control_scripts/scripts/takeoff_node.cpp:57:6: note:   candidate expects 1 argument, 0 provided
make[2]: *** [CMakeFiles/control_scripts.dir/build.make:89: CMakeFiles/control_scripts.dir/scripts/takeoff_node.cpp.o] Error 1
make[1]: *** [CMakeFiles/Makefile2:242: CMakeFiles/control_scripts.dir/all] Error 2
make: *** [Makefile:141: all] Error 2
