[35m[1mScanning dependencies of target dd_stl_stt[0m
[ 14%] [32mBuilding CXX object CMakeFiles/dd_stl_stt.dir/src/scripts/STT_Controller.cpp.o[0m
In file included from [01m[K/home/subho/catkin_w_s/src/dd_stl_stt/src/scripts/STT_Controller.cpp:1[m[K:
[01m[K/home/subho/catkin_w_s/src/dd_stl_stt/include/dd_stl_stt/STT_Controller.hpp:11:10:[m[K [01;31m[Kfatal error: [m[KEigen/Dense: No such file or directory
   11 | #include [01;31m[K<Eigen/Dense>[m[K
      |          [01;31m[K^~~~~~~~~~~~~[m[K
compilation terminated.
make[2]: *** [CMakeFiles/dd_stl_stt.dir/build.make:102: CMakeFiles/dd_stl_stt.dir/src/scripts/STT_Controller.cpp.o] Error 1
make[1]: *** [CMakeFiles/Makefile2:229: CMakeFiles/dd_stl_stt.dir/all] Error 2
make: *** [Makefile:141: all] Error 2
